[2025-01-13 00:39:34] [INFO    ] discord_bot: Logged in as DCMBot_Develop
[2025-01-13 00:39:34] [INFO    ] discord_bot: discord.py API version: 2.4.0
[2025-01-13 00:39:34] [INFO    ] discord_bot: Python version: 3.13.1
[2025-01-13 00:39:34] [INFO    ] discord_bot: Running on: Darwin 24.2.0 (posix)
[2025-01-13 00:39:34] [INFO    ] discord_bot: -------------------
[2025-01-13 00:39:35] [INFO    ] discord_bot: Loaded extension 'Catgirl'
[2025-01-13 00:39:35] [INFO    ] discord_bot: Loaded extension 'Clear'
[2025-01-13 00:39:35] [INFO    ] discord_bot: Loaded extension 'Cowsay'
[2025-01-13 00:39:35] [INFO    ] discord_bot: Loaded extension 'Waifu'
[2025-01-13 00:39:35] [INFO    ] discord_bot: Loaded extension 'SendLog'
[2025-01-13 00:39:35] [INFO    ] discord_bot: Loaded extension 'Owner'
[2025-01-13 00:39:35] [INFO    ] discord_bot: Loaded extension 'Rm'
[2025-01-13 00:39:35] [INFO    ] discord_bot: Loaded extension 'Jesus'
[2025-01-13 00:39:35] [INFO    ] discord_bot: Loaded extension 'Echo'
[2025-01-13 00:39:35] [INFO    ] discord_bot: Loaded extension 'Horny'
[2025-01-13 00:39:51] [INFO    ] discord_bot: Deleted: Deleting... from Display Name: DCMBot_Develop id: 1327484571041792061 UTC: 2025-01-13 05:39:48.287000+00:00
[2025-01-13 00:39:51] [INFO    ] discord_bot: Deleted: z from Display Name: ğ’Ÿğ‘’ğ“‚ğ’¾ğ¿ğ‘œğ“‹ğ’¶ğ“‰ğ‘œ id: 126081837125730305 UTC: 2025-01-13 05:39:45.453000+00:00
[2025-01-13 00:39:51] [INFO    ] discord_bot: Deleted: y from Display Name: ğ’Ÿğ‘’ğ“‚ğ’¾ğ¿ğ‘œğ“‹ğ’¶ğ“‰ğ‘œ id: 126081837125730305 UTC: 2025-01-13 05:39:45.002000+00:00
[2025-01-13 00:39:51] [INFO    ] discord_bot: Deleted: x from Display Name: ğ’Ÿğ‘’ğ“‚ğ’¾ğ¿ğ‘œğ“‹ğ’¶ğ“‰ğ‘œ id: 126081837125730305 UTC: 2025-01-13 05:39:44.666000+00:00
[2025-01-13 00:39:51] [INFO    ] discord_bot: Deleted: w from Display Name: ğ’Ÿğ‘’ğ“‚ğ’¾ğ¿ğ‘œğ“‹ğ’¶ğ“‰ğ‘œ id: 126081837125730305 UTC: 2025-01-13 05:39:44.368000+00:00
[2025-01-13 00:39:51] [INFO    ] discord_bot: Deleted: v from Display Name: ğ’Ÿğ‘’ğ“‚ğ’¾ğ¿ğ‘œğ“‹ğ’¶ğ“‰ğ‘œ id: 126081837125730305 UTC: 2025-01-13 05:39:43.337000+00:00
[2025-01-13 00:39:51] [INFO    ] discord_bot: Deleted: u from Display Name: ğ’Ÿğ‘’ğ“‚ğ’¾ğ¿ğ‘œğ“‹ğ’¶ğ“‰ğ‘œ id: 126081837125730305 UTC: 2025-01-13 05:39:43.177000+00:00
[2025-01-13 00:39:51] [INFO    ] discord_bot: Deleted: t from Display Name: ğ’Ÿğ‘’ğ“‚ğ’¾ğ¿ğ‘œğ“‹ğ’¶ğ“‰ğ‘œ id: 126081837125730305 UTC: 2025-01-13 05:39:42.878000+00:00
[2025-01-13 00:39:51] [INFO    ] discord_bot: Deleted: s from Display Name: ğ’Ÿğ‘’ğ“‚ğ’¾ğ¿ğ‘œğ“‹ğ’¶ğ“‰ğ‘œ id: 126081837125730305 UTC: 2025-01-13 05:39:42.604000+00:00
[2025-01-13 00:39:51] [INFO    ] discord_bot: Deleted: r from Display Name: ğ’Ÿğ‘’ğ“‚ğ’¾ğ¿ğ‘œğ“‹ğ’¶ğ“‰ğ‘œ id: 126081837125730305 UTC: 2025-01-13 05:39:42.326000+00:00
[2025-01-13 00:39:51] [INFO    ] discord_bot: Deleted: q from Display Name: ğ’Ÿğ‘’ğ“‚ğ’¾ğ¿ğ‘œğ“‹ğ’¶ğ“‰ğ‘œ id: 126081837125730305 UTC: 2025-01-13 05:39:42.027000+00:00
[2025-01-13 00:39:51] [INFO    ] discord_bot: Deleted: p from Display Name: ğ’Ÿğ‘’ğ“‚ğ’¾ğ¿ğ‘œğ“‹ğ’¶ğ“‰ğ‘œ id: 126081837125730305 UTC: 2025-01-13 05:39:41.519000+00:00
[2025-01-13 00:39:51] [INFO    ] discord_bot: Deleted: o from Display Name: ğ’Ÿğ‘’ğ“‚ğ’¾ğ¿ğ‘œğ“‹ğ’¶ğ“‰ğ‘œ id: 126081837125730305 UTC: 2025-01-13 05:39:41.235000+00:00
[2025-01-13 00:39:51] [INFO    ] discord_bot: Deleted: bn from Display Name: ğ’Ÿğ‘’ğ“‚ğ’¾ğ¿ğ‘œğ“‹ğ’¶ğ“‰ğ‘œ id: 126081837125730305 UTC: 2025-01-13 05:39:40.800000+00:00
[2025-01-13 00:39:51] [INFO    ] discord_bot: Deleted: m from Display Name: ğ’Ÿğ‘’ğ“‚ğ’¾ğ¿ğ‘œğ“‹ğ’¶ğ“‰ğ‘œ id: 126081837125730305 UTC: 2025-01-13 05:39:40.532000+00:00
[2025-01-13 00:39:51] [INFO    ] discord_bot: Deleted: l from Display Name: ğ’Ÿğ‘’ğ“‚ğ’¾ğ¿ğ‘œğ“‹ğ’¶ğ“‰ğ‘œ id: 126081837125730305 UTC: 2025-01-13 05:39:40.292000+00:00
[2025-01-13 00:39:51] [INFO    ] discord_bot: Deleted: k from Display Name: ğ’Ÿğ‘’ğ“‚ğ’¾ğ¿ğ‘œğ“‹ğ’¶ğ“‰ğ‘œ id: 126081837125730305 UTC: 2025-01-13 05:39:40.033000+00:00
[2025-01-13 00:39:51] [INFO    ] discord_bot: Deleted: j from Display Name: ğ’Ÿğ‘’ğ“‚ğ’¾ğ¿ğ‘œğ“‹ğ’¶ğ“‰ğ‘œ id: 126081837125730305 UTC: 2025-01-13 05:39:39.697000+00:00
[2025-01-13 00:39:51] [INFO    ] discord_bot: Deleted: i from Display Name: ğ’Ÿğ‘’ğ“‚ğ’¾ğ¿ğ‘œğ“‹ğ’¶ğ“‰ğ‘œ id: 126081837125730305 UTC: 2025-01-13 05:39:39.464000+00:00
[2025-01-13 00:39:51] [INFO    ] discord_bot: Deleted: h from Display Name: ğ’Ÿğ‘’ğ“‚ğ’¾ğ¿ğ‘œğ“‹ğ’¶ğ“‰ğ‘œ id: 126081837125730305 UTC: 2025-01-13 05:39:39.288000+00:00
[2025-01-13 00:39:51] [INFO    ] discord_bot: Deleted: g from Display Name: ğ’Ÿğ‘’ğ“‚ğ’¾ğ¿ğ‘œğ“‹ğ’¶ğ“‰ğ‘œ id: 126081837125730305 UTC: 2025-01-13 05:39:38.963000+00:00
[2025-01-13 00:39:51] [INFO    ] discord_bot: Deleted: f from Display Name: ğ’Ÿğ‘’ğ“‚ğ’¾ğ¿ğ‘œğ“‹ğ’¶ğ“‰ğ‘œ id: 126081837125730305 UTC: 2025-01-13 05:39:38.665000+00:00
[2025-01-13 00:39:51] [INFO    ] discord_bot: Deleted: e from Display Name: ğ’Ÿğ‘’ğ“‚ğ’¾ğ¿ğ‘œğ“‹ğ’¶ğ“‰ğ‘œ id: 126081837125730305 UTC: 2025-01-13 05:39:38.447000+00:00
[2025-01-13 00:39:51] [INFO    ] discord_bot: Deleted: d from Display Name: ğ’Ÿğ‘’ğ“‚ğ’¾ğ¿ğ‘œğ“‹ğ’¶ğ“‰ğ‘œ id: 126081837125730305 UTC: 2025-01-13 05:39:38.193000+00:00
[2025-01-13 00:39:51] [INFO    ] discord_bot: Deleted: c from Display Name: ğ’Ÿğ‘’ğ“‚ğ’¾ğ¿ğ‘œğ“‹ğ’¶ğ“‰ğ‘œ id: 126081837125730305 UTC: 2025-01-13 05:39:38.054000+00:00
[2025-01-13 00:39:51] [INFO    ] discord_bot: Deleted: b from Display Name: ğ’Ÿğ‘’ğ“‚ğ’¾ğ¿ğ‘œğ“‹ğ’¶ğ“‰ğ‘œ id: 126081837125730305 UTC: 2025-01-13 05:39:37.690000+00:00
[2025-01-13 00:39:51] [INFO    ] discord_bot: Deleted: a from Display Name: ğ’Ÿğ‘’ğ“‚ğ’¾ğ¿ğ‘œğ“‹ğ’¶ğ“‰ğ‘œ id: 126081837125730305 UTC: 2025-01-13 05:39:37.433000+00:00
[2025-01-13 00:39:52] [INFO    ] discord_bot: Executed clear command in DemiLovato's Bot Development Server (ID: 774816524333613097) by demilovato (ID: 126081837125730305)
[2025-01-13 00:40:22] [INFO    ] discord_bot: Executed waifu command in DemiLovato's Bot Development Server (ID: 774816524333613097) by demilovato (ID: 126081837125730305)
[2025-01-13 00:40:32] [INFO    ] discord_bot: Deleted: Deleting... from Display Name: DCMBot_Develop id: 1327484571041792061 UTC: 2025-01-13 05:40:29.234000+00:00
[2025-01-13 00:40:32] [INFO    ] discord_bot: Deleted: https://i.waifu.pics/7O7N6UP.png from Display Name: DCMBot_Develop id: 1327484571041792061 UTC: 2025-01-13 05:40:22.260000+00:00
[2025-01-13 00:40:33] [INFO    ] discord_bot: Executed clear command in DemiLovato's Bot Development Server (ID: 774816524333613097) by demilovato (ID: 126081837125730305)
[2025-01-13 00:41:14] [INFO    ] discord_bot: Deleted: Deleting... from Display Name: DCMBot_Develop id: 1327484571041792061 UTC: 2025-01-13 05:41:10.692000+00:00
[2025-01-13 00:41:14] [INFO    ] discord_bot: Deleted:  from Display Name: ğ’Ÿğ‘’ğ“‚ğ’¾ğ¿ğ‘œğ“‹ğ’¶ğ“‰ğ‘œ id: 126081837125730305 UTC: 2025-01-13 05:41:07.223000+00:00
[2025-01-13 00:41:14] [INFO    ] discord_bot: Deleted: https://tenor.com/view/self-high-five-high-five-yes-nailed-it-i-nailed-it-gif-1222211295651629769 from Display Name: ğ’Ÿğ‘’ğ“‚ğ’¾ğ¿ğ‘œğ“‹ğ’¶ğ“‰ğ‘œ id: 126081837125730305 UTC: 2025-01-13 05:40:48.810000+00:00
[2025-01-13 00:41:14] [INFO    ] discord_bot: Executed clear command in DemiLovato's Bot Development Server (ID: 774816524333613097) by demilovato (ID: 126081837125730305)
